Arguments: 
  /opt/node-v16.14.2-linux-x64/bin/node /opt/node-v16.14.2-linux-x64/bin/yarn i

PATH: 
  /home/eliezer/anaconda3/bin:/opt/node-v16.14.2-linux-x64/bin:/home/eliezer/.config/composer/vendor/bin:/home/eliezer/flutter/bin:/opt/node-v16.14.2-linux-x64/bin:/home/eliezer/.config/composer/vendor/bin:/home/eliezer/flutter/bin:/home/eliezer/.local/bin:/home/eliezer/anaconda3/bin:/opt/node-v16.14.2-linux-x64/bin:/home/eliezer/.config/composer/vendor/bin:/home/eliezer/flutter/bin:/usr/local/bin:/usr/bin:/bin:/usr/local/games:/usr/games:/sbin:/usr/sbin:/home/eliezer/bin:/home/eliezer/Android/Sdk/tools:/home/eliezer/Android/Sdk/tools:/home/eliezer/Android/Sdk/platform-tools:/usr/lib/dart/bin:/home/eliezer/jdk-11.0.119/bin:/home/eliezer/.pub-cache/bin:/home/eliezer/bin:/home/eliezer/Android/Sdk/tools:/home/eliezer/Android/Sdk/tools:/home/eliezer/Android/Sdk/platform-tools:/home/eliezer/.pub-cache/bin:/usr/lib/dart/bin:/home/eliezer/jdk-11.0.119/bin:/home/eliezer/bin:/home/eliezer/Android/Sdk/tools:/home/eliezer/Android/Sdk/tools:/home/eliezer/Android/Sdk/platform-tools:/usr/lib/dart/bin:/home/eliezer/jdk-11.0.119/bin:/home/eliezer/.pub-cache/bin

Yarn version: 
  1.22.18

Node version: 
  16.14.2

Platform: 
  linux x64

Trace: 
  SyntaxError: /home/eliezer/Desktop/social_media_backend/package.json: Unexpected token } in JSON at position 795
      at JSON.parse (<anonymous>)
      at /opt/node-v16.14.2-linux-x64/lib/node_modules/yarn/lib/cli.js:1625:59
      at Generator.next (<anonymous>)
      at step (/opt/node-v16.14.2-linux-x64/lib/node_modules/yarn/lib/cli.js:310:30)
      at /opt/node-v16.14.2-linux-x64/lib/node_modules/yarn/lib/cli.js:321:13

npm manifest: 
  {
    "name": "social_media_backend",
    "version": "1.0.0",
    "main": "index.js",
    "repository": "https://github.com/eliezerantonio/social_media_backend.git",
    "author": "eliezerantonio <eliezerfernandoantonio@gmail.com>",
    "license": "MIT",
    "dependencies": {
      "bcrypt": "^5.0.1",
      "bcryptjs": "^2.4.3",
      "cloudinary": "^1.32.0",
      "cors": "^2.8.5",
      "dotenv": "^16.0.2",
      "express": "^4.18.1",
      "express-fileupload": "^1.4.0",
      "express-validator": "^6.14.2",
      "form-data": "^4.0.0",
      "jsonwebtoken": "^8.5.1",
      "mongoose": "^6.6.1",
      "morgan": "^1.10.0",
      "multer": "^1.4.5-lts.1",
      "uuid": "^9.0.0"
    },
    "scripts": {
      "test": "echo \"Error: no test specified\" && exit 1",
      "start": "node index.js",
      "server:dev": "nodemon index.js",
    },
    "devDependencies": {
      
    }
  }

yarn manifest: 
  No manifest

Lockfile: 
  No lockfile
